1708801904: mosquitto version 2.0.18 starting
1708801904: Config loaded from /mosquitto/config/mosquitto.conf.
1708801904: Opening ipv4 listen socket on port 1883.
1708801904: Opening ipv6 listen socket on port 1883.
1708801904: mosquitto version 2.0.18 running
1708802607: mosquitto version 2.0.18 terminating
1708802607: Saving in-memory database to /mosquitto/data//mosquitto.db.
1708802752: mosquitto version 2.0.18 starting
1708802752: Config loaded from /mosquitto/config/mosquitto.conf.
1708802752: Opening ipv4 listen socket on port 1883.
1708802752: Opening ipv6 listen socket on port 1883.
1708802752: mosquitto version 2.0.18 running
1708802757: mosquitto version 2.0.18 terminating
1708802757: Saving in-memory database to /mosquitto/data//mosquitto.db.
1708802777: mosquitto version 2.0.18 starting
1708802777: Config loaded from /mosquitto/config/mosquitto.conf.
1708802777: Opening ipv4 listen socket on port 1883.
1708802777: Opening ipv6 listen socket on port 1883.
1708802777: mosquitto version 2.0.18 running
1708802923: mosquitto version 2.0.18 terminating
1708802923: Saving in-memory database to /mosquitto/data//mosquitto.db.
1708804063: mosquitto version 2.0.18 starting
1708804063: Config loaded from /mosquitto/config/mosquitto.conf.
1708804063: Opening ipv4 listen socket on port 1883.
1708804063: Opening ipv6 listen socket on port 1883.
1708804063: mosquitto version 2.0.18 running
1708804165: mosquitto version 2.0.18 terminating
1708804165: Saving in-memory database to /mosquitto/data//mosquitto.db.
1708804302: mosquitto version 2.0.18 starting
1708804302: Config loaded from /mosquitto/config/mosquitto.conf.
1708804302: Opening ipv4 listen socket on port 1883.
1708804302: Opening ipv6 listen socket on port 1883.
1708804302: mosquitto version 2.0.18 running
1708804341: mosquitto version 2.0.18 terminating
1708804341: Saving in-memory database to /mosquitto/data//mosquitto.db.
1708804553: mosquitto version 2.0.18 starting
1708804553: Config loaded from /mosquitto/config/mosquitto.conf.
1708804553: Opening ipv4 listen socket on port 1883.
1708804553: Opening ipv6 listen socket on port 1883.
1708804553: mosquitto version 2.0.18 running
1708804622: mosquitto version 2.0.18 terminating
1708804622: Saving in-memory database to /mosquitto/data//mosquitto.db.
1708804633: mosquitto version 2.0.18 starting
1708804633: Config loaded from /mosquitto/config/mosquitto.conf.
1708804633: Opening ipv4 listen socket on port 1883.
1708804633: Opening ipv6 listen socket on port 1883.
1708804633: mosquitto version 2.0.18 running
1708804703: mosquitto version 2.0.18 terminating
1708804703: Saving in-memory database to /mosquitto/data//mosquitto.db.
1708804749: mosquitto version 2.0.18 starting
1708804749: Config loaded from /mosquitto/config/mosquitto.conf.
1708804749: Opening ipv4 listen socket on port 1883.
1708804749: Opening ipv6 listen socket on port 1883.
1708804749: mosquitto version 2.0.18 running
1708804868: mosquitto version 2.0.18 terminating
1708804868: Saving in-memory database to /mosquitto/data//mosquitto.db.
1708804891: mosquitto version 2.0.18 starting
1708804891: Config loaded from /mosquitto/config/mosquitto.conf.
1708804891: Opening ipv4 listen socket on port 1883.
1708804891: Opening ipv6 listen socket on port 1883.
1708804891: mosquitto version 2.0.18 running
1708805059: mosquitto version 2.0.18 terminating
1708805059: Saving in-memory database to /mosquitto/data//mosquitto.db.
1708805076: mosquitto version 2.0.18 starting
1708805076: Config loaded from /mosquitto/config/mosquitto.conf.
1708805076: Opening ipv4 listen socket on port 1883.
1708805076: Opening ipv6 listen socket on port 1883.
1708805076: mosquitto version 2.0.18 running
1708805082: mosquitto version 2.0.18 terminating
1708805082: Saving in-memory database to /mosquitto/data//mosquitto.db.
1708805162: mosquitto version 2.0.18 starting
1708805162: Config loaded from /mosquitto/config/mosquitto.conf.
1708805162: Opening ipv4 listen socket on port 1883.
1708805162: Opening ipv6 listen socket on port 1883.
1708805162: mosquitto version 2.0.18 running
1708805460: mosquitto version 2.0.18 terminating
1708805460: Saving in-memory database to /mosquitto/data//mosquitto.db.
1708806679: mosquitto version 2.0.18 starting
1708806679: Config loaded from /mosquitto/config/mosquitto.conf.
1708806679: Opening ipv4 listen socket on port 1883.
1708806679: Opening ipv6 listen socket on port 1883.
1708806679: mosquitto version 2.0.18 running
1708806788: mosquitto version 2.0.18 terminating
1708806788: Saving in-memory database to /mosquitto/data//mosquitto.db.
1708806814: mosquitto version 2.0.18 starting
1708806814: Config loaded from /mosquitto/config/mosquitto.conf.
1708806814: Opening ipv4 listen socket on port 1883.
1708806814: Opening ipv6 listen socket on port 1883.
1708806814: mosquitto version 2.0.18 running
1708806840: mosquitto version 2.0.18 terminating
1708806840: Saving in-memory database to /mosquitto/data//mosquitto.db.
1708806970: mosquitto version 2.0.18 starting
1708806970: Config loaded from /mosquitto/config/mosquitto.conf.
1708806970: Opening ipv4 listen socket on port 1883.
1708806970: Opening ipv6 listen socket on port 1883.
1708806970: mosquitto version 2.0.18 running
1708807038: mosquitto version 2.0.18 terminating
1708807038: Saving in-memory database to /mosquitto/data//mosquitto.db.
1708854868: mosquitto version 2.0.18 starting
1708854868: Config loaded from /mosquitto/config/mosquitto.conf.
1708854868: Opening ipv4 listen socket on port 1883.
1708854868: Opening ipv6 listen socket on port 1883.
1708854868: mosquitto version 2.0.18 running
1708855007: mosquitto version 2.0.18 terminating
1708855007: Saving in-memory database to /mosquitto/data//mosquitto.db.
1708855047: mosquitto version 2.0.18 starting
1708855047: Config loaded from /mosquitto/config/mosquitto.conf.
1708855047: Opening ipv4 listen socket on port 1883.
1708855047: Opening ipv6 listen socket on port 1883.
1708855047: mosquitto version 2.0.18 running
1708855183: mosquitto version 2.0.18 terminating
1708855183: Saving in-memory database to /mosquitto/data//mosquitto.db.
1708855218: mosquitto version 2.0.18 starting
1708855218: Config loaded from /mosquitto/config/mosquitto.conf.
1708855218: Opening ipv4 listen socket on port 1883.
1708855218: Opening ipv6 listen socket on port 1883.
1708855218: mosquitto version 2.0.18 running
1708855238: mosquitto version 2.0.18 terminating
1708855238: Saving in-memory database to /mosquitto/data//mosquitto.db.
1708855300: mosquitto version 2.0.18 starting
1708855300: Config loaded from /mosquitto/config/mosquitto.conf.
1708855300: Opening ipv4 listen socket on port 1883.
1708855300: Opening ipv6 listen socket on port 1883.
1708855300: mosquitto version 2.0.18 running
1708855301: New connection from 172.18.0.3:34623 on port 1883.
1708855301: New client connected from 172.18.0.3:34623 as auto-4131A8DF-00F2-A85A-ADF5-02C51700B039 (p2, c1, k60).
1708855303: Client auto-4131A8DF-00F2-A85A-ADF5-02C51700B039 closed its connection.
1708855323: mosquitto version 2.0.18 terminating
1708855323: Saving in-memory database to /mosquitto/data//mosquitto.db.
1708855328: mosquitto version 2.0.18 starting
1708855328: Config loaded from /mosquitto/config/mosquitto.conf.
1708855328: Opening ipv4 listen socket on port 1883.
1708855328: Opening ipv6 listen socket on port 1883.
1708855328: mosquitto version 2.0.18 running
1708855329: New connection from 172.18.0.3:45177 on port 1883.
1708855329: New client connected from 172.18.0.3:45177 as auto-3F6FCCD8-EF63-7853-8E93-E76828F728F1 (p2, c1, k60).
1708855330: Client auto-3F6FCCD8-EF63-7853-8E93-E76828F728F1 closed its connection.
1708855341: mosquitto version 2.0.18 terminating
1708855341: Saving in-memory database to /mosquitto/data//mosquitto.db.
1708855418: mosquitto version 2.0.18 starting
1708855418: Config loaded from /mosquitto/config/mosquitto.conf.
1708855418: Opening ipv4 listen socket on port 1883.
1708855418: Opening ipv6 listen socket on port 1883.
1708855418: mosquitto version 2.0.18 running
1708855419: New connection from 172.18.0.3:58613 on port 1883.
1708855419: New client connected from 172.18.0.3:58613 as auto-14CF2D42-75EE-3DD7-DFD1-766899ED700A (p2, c1, k60).
1708855500: New connection from 172.18.0.1:37416 on port 1883.
1708855500: New client connected from 172.18.0.1:37416 as mqtt-explorer-844a9f01 (p2, c1, k60).
1708855572: Client auto-14CF2D42-75EE-3DD7-DFD1-766899ED700A closed its connection.
1708855573: mosquitto version 2.0.18 terminating
1708855573: Saving in-memory database to /mosquitto/data//mosquitto.db.
1708858119: mosquitto version 2.0.18 starting
1708858119: Config loaded from /mosquitto/config/mosquitto.conf.
1708858119: Opening ipv4 listen socket on port 1883.
1708858119: Opening ipv6 listen socket on port 1883.
1708858119: mosquitto version 2.0.18 running
1708858120: New connection from 172.18.0.1:51348 on port 1883.
1708858120: New client connected from 172.18.0.1:51348 as mqtt-explorer-844a9f01 (p2, c1, k60).
1708858120: New connection from 172.18.0.3:47633 on port 1883.
1708858120: New client connected from 172.18.0.3:47633 as auto-95551338-33DD-C789-6845-A78232F238EC (p2, c1, k60).
1708858120: Client auto-95551338-33DD-C789-6845-A78232F238EC closed its connection.
1708858175: mosquitto version 2.0.18 terminating
1708858175: Saving in-memory database to /mosquitto/data//mosquitto.db.
1708858225: mosquitto version 2.0.18 starting
1708858225: Config loaded from /mosquitto/config/mosquitto.conf.
1708858225: Opening ipv4 listen socket on port 1883.
1708858225: Opening ipv6 listen socket on port 1883.
1708858225: mosquitto version 2.0.18 running
1708858226: New connection from 172.18.0.1:44232 on port 1883.
1708858226: New client connected from 172.18.0.1:44232 as mqtt-explorer-844a9f01 (p2, c1, k60).
1708858227: New connection from 172.18.0.3:36757 on port 1883.
1708858227: New client connected from 172.18.0.3:36757 as auto-79701420-B643-D184-1B00-93464D5F6953 (p2, c1, k60).
1708858261: Client auto-79701420-B643-D184-1B00-93464D5F6953 closed its connection.
1708858262: mosquitto version 2.0.18 terminating
1708858262: Saving in-memory database to /mosquitto/data//mosquitto.db.
1708939502: mosquitto version 2.0.18 starting
1708939502: Config loaded from /mosquitto/config/mosquitto.conf.
1708939502: Opening ipv4 listen socket on port 1883.
1708939502: Opening ipv6 listen socket on port 1883.
1708939502: mosquitto version 2.0.18 running
1708939503: New connection from 172.18.0.3:47119 on port 1883.
1708939503: New client connected from 172.18.0.3:47119 as auto-D992F4BC-165C-CFEC-3D43-B80EFCE0E9EA (p2, c1, k60).
1708939524: New connection from 172.18.0.1:42672 on port 1883.
1708939524: New client connected from 172.18.0.1:42672 as mqtt-explorer-844a9f01 (p2, c1, k60).
1708939804: Client auto-D992F4BC-165C-CFEC-3D43-B80EFCE0E9EA closed its connection.
1708939805: mosquitto version 2.0.18 terminating
1708939805: Saving in-memory database to /mosquitto/data//mosquitto.db.
1709051286: mosquitto version 2.0.18 starting
1709051286: Config loaded from /mosquitto/config/mosquitto.conf.
1709051286: Opening ipv4 listen socket on port 1883.
1709051286: Opening ipv6 listen socket on port 1883.
1709051286: mosquitto version 2.0.18 running
1709051321: New connection from 172.18.0.1:46836 on port 1883.
1709051336: New client connected from 172.18.0.1:46836 as mqtt-explorer-844a9f01 (p2, c1, k60).
1709051336: mosquitto version 2.0.18 terminating
1709051336: Saving in-memory database to /mosquitto/data//mosquitto.db.
1709110521: mosquitto version 2.0.18 starting
1709110521: Config loaded from /mosquitto/config/mosquitto.conf.
1709110521: Opening ipv4 listen socket on port 1883.
1709110521: Opening ipv6 listen socket on port 1883.
1709110521: mosquitto version 2.0.18 running
1709110522: New connection from 172.18.0.1:42530 on port 1883.
1709110522: New client connected from 172.18.0.1:42530 as mqtt-explorer-844a9f01 (p2, c1, k60).
1709110522: New connection from 172.18.0.3:51497 on port 1883.
1709110522: New client connected from 172.18.0.3:51497 as auto-EF47BDF2-8DB5-9AE4-6864-BD71F9A8C4C3 (p2, c1, k60).
1709110522: Client auto-EF47BDF2-8DB5-9AE4-6864-BD71F9A8C4C3 closed its connection.
1709110553: mosquitto version 2.0.18 terminating
1709110553: Saving in-memory database to /mosquitto/data//mosquitto.db.
1709110640: mosquitto version 2.0.18 starting
1709110640: Config loaded from /mosquitto/config/mosquitto.conf.
1709110640: Opening ipv4 listen socket on port 1883.
1709110640: Opening ipv6 listen socket on port 1883.
1709110640: mosquitto version 2.0.18 running
1709110640: New connection from 172.18.0.1:51852 on port 1883.
1709110640: New client connected from 172.18.0.1:51852 as mqtt-explorer-844a9f01 (p2, c1, k60).
1709110643: New connection from 172.18.0.3:59955 on port 1883.
1709110643: New client connected from 172.18.0.3:59955 as auto-442BFDC5-34C6-3C95-C7D8-8A60B9C64BE6 (p2, c1, k60).
1709110755: Client auto-442BFDC5-34C6-3C95-C7D8-8A60B9C64BE6 closed its connection.
1709110755: mosquitto version 2.0.18 terminating
1709110755: Saving in-memory database to /mosquitto/data//mosquitto.db.
1709110818: mosquitto version 2.0.18 starting
1709110818: Config loaded from /mosquitto/config/mosquitto.conf.
1709110818: Opening ipv4 listen socket on port 1883.
1709110818: Opening ipv6 listen socket on port 1883.
1709110818: mosquitto version 2.0.18 running
1709110819: New connection from 172.18.0.1:42110 on port 1883.
1709110819: New client connected from 172.18.0.1:42110 as mqtt-explorer-844a9f01 (p2, c1, k60).
1709110820: New connection from 172.18.0.3:36751 on port 1883.
1709110820: New client connected from 172.18.0.3:36751 as auto-0CE3A789-FEA2-A09D-8560-F03E297E80B9 (p2, c1, k60).
1709111023: Client auto-0CE3A789-FEA2-A09D-8560-F03E297E80B9 closed its connection.
1709111024: mosquitto version 2.0.18 terminating
1709111024: Saving in-memory database to /mosquitto/data//mosquitto.db.
1709111059: mosquitto version 2.0.18 starting
1709111059: Config loaded from /mosquitto/config/mosquitto.conf.
1709111059: Opening ipv4 listen socket on port 1883.
1709111059: Opening ipv6 listen socket on port 1883.
1709111059: mosquitto version 2.0.18 running
1709111059: New connection from 172.18.0.3:37045 on port 1883.
1709111059: New client connected from 172.18.0.3:37045 as auto-EE50C57E-F0EA-D4C2-BD5A-86FDAFA5128F (p2, c1, k60).
1709111064: New connection from 172.18.0.1:33750 on port 1883.
1709111064: New client connected from 172.18.0.1:33750 as mqtt-explorer-844a9f01 (p2, c1, k60).
1709111619: Client auto-EE50C57E-F0EA-D4C2-BD5A-86FDAFA5128F closed its connection.
1709111620: mosquitto version 2.0.18 terminating
1709111620: Saving in-memory database to /mosquitto/data//mosquitto.db.
1709111633: mosquitto version 2.0.18 starting
1709111633: Config loaded from /mosquitto/config/mosquitto.conf.
1709111633: Opening ipv4 listen socket on port 1883.
1709111633: Opening ipv6 listen socket on port 1883.
1709111633: mosquitto version 2.0.18 running
1709111633: New connection from 172.18.0.1:58058 on port 1883.
1709111633: New client connected from 172.18.0.1:58058 as mqtt-explorer-844a9f01 (p2, c1, k60).
1709111633: New connection from 172.18.0.3:37029 on port 1883.
1709111633: New client connected from 172.18.0.3:37029 as auto-6C2B9408-7F09-A8AC-AA50-49855A71C775 (p2, c1, k60).
1709111645: Client mqtt-explorer-844a9f01 disconnected.
1709111690: Client auto-6C2B9408-7F09-A8AC-AA50-49855A71C775 closed its connection.
1709111691: mosquitto version 2.0.18 terminating
1709111691: Saving in-memory database to /mosquitto/data//mosquitto.db.
1709111769: mosquitto version 2.0.18 starting
1709111769: Config loaded from /mosquitto/config/mosquitto.conf.
1709111769: Opening ipv4 listen socket on port 1883.
1709111769: Opening ipv6 listen socket on port 1883.
1709111769: mosquitto version 2.0.18 running
1709111770: New connection from 172.18.0.3:57759 on port 1883.
1709111770: New client connected from 172.18.0.3:57759 as auto-29DB64C2-10F4-5281-87AA-E55D525A835D (p2, c1, k60).
1709111771: New connection from 172.18.0.1:44326 on port 1883.
1709111771: New client connected from 172.18.0.1:44326 as mqtt-explorer-844a9f01 (p2, c1, k60).
1709111892: Client mqtt-explorer-844a9f01 disconnected.
1709111910: Client auto-29DB64C2-10F4-5281-87AA-E55D525A835D closed its connection.
1709111910: mosquitto version 2.0.18 terminating
1709111910: Saving in-memory database to /mosquitto/data//mosquitto.db.
1709112957: mosquitto version 2.0.18 starting
1709112957: Config loaded from /mosquitto/config/mosquitto.conf.
1709112957: Opening ipv4 listen socket on port 1883.
1709112957: Opening ipv6 listen socket on port 1883.
1709112957: mosquitto version 2.0.18 running
1709112957: New connection from 172.18.0.3:44849 on port 1883.
1709112957: New client connected from 172.18.0.3:44849 as auto-12945F50-72CD-684B-D624-C266AD4AEC7B (p2, c1, k60).
1709112961: New connection from 172.18.0.1:36812 on port 1883.
1709112961: New client connected from 172.18.0.1:36812 as mqtt-explorer-844a9f01 (p2, c1, k60).
1709113277: Client mqtt-explorer-844a9f01 disconnected.
1709113516: Client auto-12945F50-72CD-684B-D624-C266AD4AEC7B closed its connection.
1709113516: mosquitto version 2.0.18 terminating
1709113516: Saving in-memory database to /mosquitto/data//mosquitto.db.
